h:\mcomp\8503\csc8503 2022\build2\csc8503\csc8503.dir\debug\cmake_pch.pch
h:\mcomp\8503\csc8503 2022\build2\csc8503\csc8503.dir\debug\vc142.pdb
h:\mcomp\8503\csc8503 2022\build2\csc8503\csc8503.dir\debug\cmake_pch.obj
h:\mcomp\8503\csc8503 2022\build2\csc8503\csc8503.dir\debug\tutorialgame.obj
h:\mcomp\8503\csc8503 2022\build2\csc8503\csc8503.dir\debug\stategameobject.obj
h:\mcomp\8503\csc8503 2022\build2\csc8503\csc8503.dir\debug\networkplayer.obj
h:\mcomp\8503\csc8503 2022\build2\csc8503\csc8503.dir\debug\networkedgame.obj
h:\mcomp\8503\csc8503 2022\build2\csc8503\csc8503.dir\debug\main.obj
h:\mcomp\8503\csc8503 2022\build2\csc8503\csc8503.dir\debug\gametechrenderer.obj
h:\mcomp\8503\csc8503 2022\build2\csc8503\cmakefiles\generate.stamp
h:\mcomp\8503\csc8503 2022\x64\debug\csc8503.exe
h:\mcomp\8503\csc8503 2022\x64\debug\csc8503.ilk
h:\mcomp\8503\csc8503 2022\x64\debug\csc8503.pdb
h:\mcomp\8503\csc8503 2022\build2\csc8503\csc8503.dir\debug\csc8503.tlog\cl.command.1.tlog
h:\mcomp\8503\csc8503 2022\build2\csc8503\csc8503.dir\debug\csc8503.tlog\cl.read.1.tlog
h:\mcomp\8503\csc8503 2022\build2\csc8503\csc8503.dir\debug\csc8503.tlog\cl.write.1.tlog
h:\mcomp\8503\csc8503 2022\build2\csc8503\csc8503.dir\debug\csc8503.tlog\custombuild.command.1.tlog
h:\mcomp\8503\csc8503 2022\build2\csc8503\csc8503.dir\debug\csc8503.tlog\custombuild.read.1.tlog
h:\mcomp\8503\csc8503 2022\build2\csc8503\csc8503.dir\debug\csc8503.tlog\custombuild.write.1.tlog
h:\mcomp\8503\csc8503 2022\build2\csc8503\csc8503.dir\debug\csc8503.tlog\link.command.1.tlog
h:\mcomp\8503\csc8503 2022\build2\csc8503\csc8503.dir\debug\csc8503.tlog\link.read.1.tlog
h:\mcomp\8503\csc8503 2022\build2\csc8503\csc8503.dir\debug\csc8503.tlog\link.write.1.tlog
