c:\users\b8016503\downloads\sourcetree\csc8503\csc8503 2022\build2\nclcoreclasses\nclcoreclasses.dir\debug\nclcoreclasses.pdb
c:\users\b8016503\downloads\sourcetree\csc8503\csc8503 2022\build2\nclcoreclasses\nclcoreclasses.dir\debug\camera.obj
c:\users\b8016503\downloads\sourcetree\csc8503\csc8503 2022\build2\nclcoreclasses\nclcoreclasses.dir\debug\texturebase.obj
c:\users\b8016503\downloads\sourcetree\csc8503\csc8503 2022\build2\nclcoreclasses\nclcoreclasses.dir\debug\shaderbase.obj
c:\users\b8016503\downloads\sourcetree\csc8503\csc8503 2022\build2\nclcoreclasses\nclcoreclasses.dir\debug\rendererbase.obj
c:\users\b8016503\downloads\sourcetree\csc8503\csc8503 2022\build2\nclcoreclasses\nclcoreclasses.dir\debug\meshmaterial.obj
c:\users\b8016503\downloads\sourcetree\csc8503\csc8503 2022\build2\nclcoreclasses\nclcoreclasses.dir\debug\meshgeometry.obj
c:\users\b8016503\downloads\sourcetree\csc8503\csc8503 2022\build2\nclcoreclasses\nclcoreclasses.dir\debug\meshanimation.obj
c:\users\b8016503\downloads\sourcetree\csc8503\csc8503 2022\build2\nclcoreclasses\nclcoreclasses.dir\debug\vector4.obj
c:\users\b8016503\downloads\sourcetree\csc8503\csc8503 2022\build2\nclcoreclasses\nclcoreclasses.dir\debug\vector3.obj
c:\users\b8016503\downloads\sourcetree\csc8503\csc8503 2022\build2\nclcoreclasses\nclcoreclasses.dir\debug\vector2.obj
c:\users\b8016503\downloads\sourcetree\csc8503\csc8503 2022\build2\nclcoreclasses\nclcoreclasses.dir\debug\quaternion.obj
c:\users\b8016503\downloads\sourcetree\csc8503\csc8503 2022\build2\nclcoreclasses\nclcoreclasses.dir\debug\plane.obj
c:\users\b8016503\downloads\sourcetree\csc8503\csc8503 2022\build2\nclcoreclasses\nclcoreclasses.dir\debug\matrix4.obj
c:\users\b8016503\downloads\sourcetree\csc8503\csc8503 2022\build2\nclcoreclasses\nclcoreclasses.dir\debug\matrix3.obj
c:\users\b8016503\downloads\sourcetree\csc8503\csc8503 2022\build2\nclcoreclasses\nclcoreclasses.dir\debug\matrix2.obj
c:\users\b8016503\downloads\sourcetree\csc8503\csc8503 2022\build2\nclcoreclasses\nclcoreclasses.dir\debug\maths.obj
c:\users\b8016503\downloads\sourcetree\csc8503\csc8503 2022\build2\nclcoreclasses\nclcoreclasses.dir\debug\texturewriter.obj
c:\users\b8016503\downloads\sourcetree\csc8503\csc8503 2022\build2\nclcoreclasses\nclcoreclasses.dir\debug\textureloader.obj
c:\users\b8016503\downloads\sourcetree\csc8503\csc8503 2022\build2\nclcoreclasses\nclcoreclasses.dir\debug\simplefont.obj
c:\users\b8016503\downloads\sourcetree\csc8503\csc8503 2022\build2\nclcoreclasses\nclcoreclasses.dir\debug\assets.obj
c:\users\b8016503\downloads\sourcetree\csc8503\csc8503 2022\build2\nclcoreclasses\nclcoreclasses.dir\debug\win32window.obj
c:\users\b8016503\downloads\sourcetree\csc8503\csc8503 2022\build2\nclcoreclasses\nclcoreclasses.dir\debug\win32mouse.obj
c:\users\b8016503\downloads\sourcetree\csc8503\csc8503 2022\build2\nclcoreclasses\nclcoreclasses.dir\debug\win32keyboard.obj
c:\users\b8016503\downloads\sourcetree\csc8503\csc8503 2022\build2\nclcoreclasses\nclcoreclasses.dir\debug\window.obj
c:\users\b8016503\downloads\sourcetree\csc8503\csc8503 2022\build2\nclcoreclasses\nclcoreclasses.dir\debug\mouse.obj
c:\users\b8016503\downloads\sourcetree\csc8503\csc8503 2022\build2\nclcoreclasses\nclcoreclasses.dir\debug\keyboard.obj
c:\users\b8016503\downloads\sourcetree\csc8503\csc8503 2022\build2\nclcoreclasses\nclcoreclasses.dir\debug\gametimer.obj
h:\mcomp\8503\csc8503 2022\build2\nclcoreclasses\cmakefiles\generate.stamp
h:\mcomp\8503\csc8503 2022\x64\debug\nclcoreclasses.lib
h:\mcomp\8503\csc8503 2022\x64\debug\nclcoreclasses.pdb
c:\users\b8016503\downloads\sourcetree\csc8503\csc8503 2022\build2\nclcoreclasses\nclcoreclasses.dir\debug\nclcoreclasses.tlog\cl.command.1.tlog
c:\users\b8016503\downloads\sourcetree\csc8503\csc8503 2022\build2\nclcoreclasses\nclcoreclasses.dir\debug\nclcoreclasses.tlog\cl.read.1.tlog
c:\users\b8016503\downloads\sourcetree\csc8503\csc8503 2022\build2\nclcoreclasses\nclcoreclasses.dir\debug\nclcoreclasses.tlog\cl.write.1.tlog
c:\users\b8016503\downloads\sourcetree\csc8503\csc8503 2022\build2\nclcoreclasses\nclcoreclasses.dir\debug\nclcoreclasses.tlog\custombuild.command.1.tlog
c:\users\b8016503\downloads\sourcetree\csc8503\csc8503 2022\build2\nclcoreclasses\nclcoreclasses.dir\debug\nclcoreclasses.tlog\custombuild.read.1.tlog
c:\users\b8016503\downloads\sourcetree\csc8503\csc8503 2022\build2\nclcoreclasses\nclcoreclasses.dir\debug\nclcoreclasses.tlog\custombuild.write.1.tlog
c:\users\b8016503\downloads\sourcetree\csc8503\csc8503 2022\build2\nclcoreclasses\nclcoreclasses.dir\debug\nclcoreclasses.tlog\lib-link.read.1.tlog
c:\users\b8016503\downloads\sourcetree\csc8503\csc8503 2022\build2\nclcoreclasses\nclcoreclasses.dir\debug\nclcoreclasses.tlog\lib-link.write.1.tlog
c:\users\b8016503\downloads\sourcetree\csc8503\csc8503 2022\build2\nclcoreclasses\nclcoreclasses.dir\debug\nclcoreclasses.tlog\lib.command.1.tlog
